<?xml version="1.0" encoding="UTF-8"?>
<!-- Generated by org.testng.reporters.JUnitReportReporter -->
<testsuite hostname="QT-INNO-LT1525" failures="0" tests="1" name="getpageobjects.ObjectFileReader" time="0.010" errors="0" timestamp="2022-05-23T14:53:08 IST" skipped="0">
  <testcase classname="getpageobjects.ObjectFileReader" name="FileReader" time="0.010"/>
  <system-out/>
</testsuite> <!-- getpageobjects.ObjectFileReader -->
